<?xml version="1.0" encoding="UTF-8"?>
<!-- Generated by org.testng.reporters.JUnitReportReporter -->
<testsuite skipped="0" hostname="DESKTOP-OSM8RH8" name="Testcases.Orangehr.AdminLoginTest" tests="1" failures="0" timestamp="2022-08-30T10:41:25 IST" time="6.211" errors="0">
  <testcase name="Admin" time="6.211" classname="Testcases.Orangehr.AdminLoginTest"/>
  <system-out/>
</testsuite> <!-- Testcases.Orangehr.AdminLoginTest -->
